<?xml version="1.0" encoding="UTF-8"?>
<!-- Generated by org.testng.reporters.JUnitReportReporter -->
<testsuite hostname="Pal-PC" name="com.ujjwal.testNg.TestCases" tests="1" failures="0" timestamp="9 Sep 2017 08:59:28 GMT" time="15.339" errors="0">
  <testcase name="f" time="15.339" classname="com.ujjwal.testNg.TestCases"/>
</testsuite> <!-- com.ujjwal.testNg.TestCases -->
